2025-12-01 16:07:40,770:INFO:Inizio processo di conversione dei file raw in CSV.
2025-12-01 16:07:40,770:INFO:Trovata cartella: C:\Users\messi\UNI\Tesi\scripts\project\data\raw\mpmt-board-cli_fileROOT
2025-12-01 16:07:40,771:INFO:Inizio elaborazione file ROOT: C:\Users\messi\UNI\Tesi\scripts\project\data\raw\mpmt-board-cli_fileROOT\acq_MainBoard_20251110_153952.root
2025-12-01 16:07:41,773:INFO:Inizio elaborazione file ROOT: C:\Users\messi\UNI\Tesi\scripts\project\data\raw\mpmt-board-cli_fileROOT\acq_MainBoard_20251120_140503.root
2025-12-01 16:07:52,955:INFO:Inizio elaborazione file ROOT: C:\Users\messi\UNI\Tesi\scripts\project\data\raw\mpmt-board-cli_fileROOT\acq_MainBoard_20251121_151531.root
2025-12-01 16:07:55,586:INFO:Inizio elaborazione file ROOT: C:\Users\messi\UNI\Tesi\scripts\project\data\raw\mpmt-board-cli_fileROOT\acq_MainBoard_20251127_175303.root
2025-12-01 16:08:08,792:INFO:Inizio elaborazione file ROOT: C:\Users\messi\UNI\Tesi\scripts\project\data\raw\mpmt-board-cli_fileROOT\acq_MainBoard_20251127_184405.root
2025-12-01 16:08:15,578:INFO:Inizio elaborazione file ROOT: C:\Users\messi\UNI\Tesi\scripts\project\data\raw\mpmt-board-cli_fileROOT\acq_MainBoard_20251127_190521.root
2025-12-01 16:09:02,833:INFO:Inizio processo di conversione dei file raw in CSV.
2025-12-01 16:09:02,834:INFO:Trovata cartella: C:\Users\messi\UNI\Tesi\scripts\project\data\raw\mpmt-board-cli_fileROOT
2025-12-01 16:09:02,834:INFO:Inizio elaborazione file ROOT: C:\Users\messi\UNI\Tesi\scripts\project\data\raw\mpmt-board-cli_fileROOT\acq_MainBoard_20251110_153952.root
2025-12-01 16:09:11,203:INFO:Inizio elaborazione file ROOT: C:\Users\messi\UNI\Tesi\scripts\project\data\raw\mpmt-board-cli_fileROOT\acq_MainBoard_20251120_140503.root
2025-12-01 16:09:34,046:INFO:Inizio elaborazione file ROOT: C:\Users\messi\UNI\Tesi\scripts\project\data\raw\mpmt-board-cli_fileROOT\acq_MainBoard_20251121_151531.root
2025-12-01 16:09:50,775:INFO:Inizio elaborazione file ROOT: C:\Users\messi\UNI\Tesi\scripts\project\data\raw\mpmt-board-cli_fileROOT\acq_MainBoard_20251127_175303.root
2025-12-01 16:10:13,421:INFO:Inizio elaborazione file ROOT: C:\Users\messi\UNI\Tesi\scripts\project\data\raw\mpmt-board-cli_fileROOT\acq_MainBoard_20251127_184405.root
2025-12-01 16:10:27,480:INFO:Inizio elaborazione file ROOT: C:\Users\messi\UNI\Tesi\scripts\project\data\raw\mpmt-board-cli_fileROOT\acq_MainBoard_20251127_190521.root
2025-12-01 16:15:16,308:INFO:Inizio processo di conversione dei file raw in CSV.
2025-12-01 16:15:16,308:INFO:Trovata cartella: C:\Users\messi\UNI\Tesi\scripts\project\data\raw\mpmt-board-cli_fileROOT
2025-12-01 16:15:16,309:INFO:Inizio elaborazione file ROOT: C:\Users\messi\UNI\Tesi\scripts\project\data\raw\mpmt-board-cli_fileROOT\acq_MainBoard_20251110_153952.root
2025-12-01 16:15:27,481:INFO:Inizio elaborazione file ROOT: C:\Users\messi\UNI\Tesi\scripts\project\data\raw\mpmt-board-cli_fileROOT\acq_MainBoard_20251120_140503.root
2025-12-01 16:15:53,193:INFO:Inizio elaborazione file ROOT: C:\Users\messi\UNI\Tesi\scripts\project\data\raw\mpmt-board-cli_fileROOT\acq_MainBoard_20251121_151531.root
2025-12-01 16:16:10,408:INFO:Inizio elaborazione file ROOT: C:\Users\messi\UNI\Tesi\scripts\project\data\raw\mpmt-board-cli_fileROOT\acq_MainBoard_20251127_175303.root
2025-12-01 16:16:30,903:INFO:Inizio elaborazione file ROOT: C:\Users\messi\UNI\Tesi\scripts\project\data\raw\mpmt-board-cli_fileROOT\acq_MainBoard_20251127_184405.root
2025-12-01 16:16:42,203:INFO:Inizio elaborazione file ROOT: C:\Users\messi\UNI\Tesi\scripts\project\data\raw\mpmt-board-cli_fileROOT\acq_MainBoard_20251127_190521.root
2025-12-01 16:19:25,677:INFO:Inizio processo di conversione dei file raw in CSV.
2025-12-01 16:19:25,677:INFO:Trovata cartella: C:\Users\messi\UNI\Tesi\scripts\project\data\raw\mpmt-board-cli_fileROOT
2025-12-01 16:19:25,678:INFO:Inizio elaborazione file ROOT: C:\Users\messi\UNI\Tesi\scripts\project\data\raw\mpmt-board-cli_fileROOT\acq_MainBoard_20251110_134104.root
2025-12-01 16:19:35,922:INFO:Inizio elaborazione file ROOT: C:\Users\messi\UNI\Tesi\scripts\project\data\raw\mpmt-board-cli_fileROOT\acq_MainBoard_20251110_153952.root
2025-12-01 16:19:48,987:INFO:Inizio elaborazione file ROOT: C:\Users\messi\UNI\Tesi\scripts\project\data\raw\mpmt-board-cli_fileROOT\acq_MainBoard_20251120_140503.root
2025-12-01 16:20:10,867:INFO:Inizio elaborazione file ROOT: C:\Users\messi\UNI\Tesi\scripts\project\data\raw\mpmt-board-cli_fileROOT\acq_MainBoard_20251120_165249.root
2025-12-01 16:20:20,690:INFO:Inizio elaborazione file ROOT: C:\Users\messi\UNI\Tesi\scripts\project\data\raw\mpmt-board-cli_fileROOT\acq_MainBoard_20251121_151531.root
2025-12-01 16:20:35,322:INFO:Inizio elaborazione file ROOT: C:\Users\messi\UNI\Tesi\scripts\project\data\raw\mpmt-board-cli_fileROOT\acq_MainBoard_20251127_175303.root
2025-12-01 16:20:57,224:INFO:Inizio elaborazione file ROOT: C:\Users\messi\UNI\Tesi\scripts\project\data\raw\mpmt-board-cli_fileROOT\acq_MainBoard_20251127_184405.root
2025-12-01 16:21:09,150:INFO:Inizio elaborazione file ROOT: C:\Users\messi\UNI\Tesi\scripts\project\data\raw\mpmt-board-cli_fileROOT\acq_MainBoard_20251127_185024.root
2025-12-01 16:21:21,042:INFO:Inizio elaborazione file ROOT: C:\Users\messi\UNI\Tesi\scripts\project\data\raw\mpmt-board-cli_fileROOT\acq_MainBoard_20251127_190521.root
2025-12-01 16:21:31,849:INFO:Inizio elaborazione file ROOT: C:\Users\messi\UNI\Tesi\scripts\project\data\raw\mpmt-board-cli_fileROOT\acq_MainBoard_20251127_191618.root
2025-12-01 16:34:27,286:INFO:Inizio processo di conversione dei file raw in CSV.
2025-12-01 16:34:27,286:INFO:Trovata cartella: C:\Users\messi\UNI\Tesi\scripts\project\data\raw\mpmt-board-cli_fileROOT
2025-12-01 16:34:27,287:INFO:Inizio elaborazione file ROOT: C:\Users\messi\UNI\Tesi\scripts\project\data\raw\mpmt-board-cli_fileROOT\acq_MainBoard_20251110_134104.root
2025-12-01 16:34:39,331:INFO:Inizio elaborazione file ROOT: C:\Users\messi\UNI\Tesi\scripts\project\data\raw\mpmt-board-cli_fileROOT\acq_MainBoard_20251110_153952.root
2025-12-01 16:34:50,726:INFO:Inizio elaborazione file ROOT: C:\Users\messi\UNI\Tesi\scripts\project\data\raw\mpmt-board-cli_fileROOT\acq_MainBoard_20251120_140503.root
2025-12-01 16:35:12,522:INFO:Inizio elaborazione file ROOT: C:\Users\messi\UNI\Tesi\scripts\project\data\raw\mpmt-board-cli_fileROOT\acq_MainBoard_20251120_165249.root
2025-12-01 16:35:24,329:INFO:Inizio elaborazione file ROOT: C:\Users\messi\UNI\Tesi\scripts\project\data\raw\mpmt-board-cli_fileROOT\acq_MainBoard_20251121_151531.root
2025-12-01 16:35:40,547:INFO:Inizio elaborazione file ROOT: C:\Users\messi\UNI\Tesi\scripts\project\data\raw\mpmt-board-cli_fileROOT\acq_MainBoard_20251127_175303.root
2025-12-01 16:36:02,916:INFO:Inizio elaborazione file ROOT: C:\Users\messi\UNI\Tesi\scripts\project\data\raw\mpmt-board-cli_fileROOT\acq_MainBoard_20251127_184405.root
2025-12-01 16:36:22,448:INFO:Inizio elaborazione file ROOT: C:\Users\messi\UNI\Tesi\scripts\project\data\raw\mpmt-board-cli_fileROOT\acq_MainBoard_20251127_185024.root
2025-12-01 16:36:39,686:INFO:Inizio elaborazione file ROOT: C:\Users\messi\UNI\Tesi\scripts\project\data\raw\mpmt-board-cli_fileROOT\acq_MainBoard_20251127_190521.root
2025-12-01 16:36:55,740:INFO:Inizio elaborazione file ROOT: C:\Users\messi\UNI\Tesi\scripts\project\data\raw\mpmt-board-cli_fileROOT\acq_MainBoard_20251127_191618.root
2025-12-01 16:38:44,215:INFO:Inizio processo di conversione dei file raw in CSV.
2025-12-01 16:38:44,215:INFO:Trovata cartella: C:\Users\messi\UNI\Tesi\scripts\project\data\raw\mpmt-board-cli_fileROOT
2025-12-01 16:38:44,216:INFO:Inizio elaborazione file ROOT: C:\Users\messi\UNI\Tesi\scripts\project\data\raw\mpmt-board-cli_fileROOT\acq_MainBoard_20251110_134104.root
2025-12-01 16:38:55,818:INFO:Inizio elaborazione file ROOT: C:\Users\messi\UNI\Tesi\scripts\project\data\raw\mpmt-board-cli_fileROOT\acq_MainBoard_20251110_153952.root
2025-12-01 16:39:06,943:INFO:Inizio elaborazione file ROOT: C:\Users\messi\UNI\Tesi\scripts\project\data\raw\mpmt-board-cli_fileROOT\acq_MainBoard_20251120_140503.root
2025-12-01 16:39:29,350:INFO:Inizio elaborazione file ROOT: C:\Users\messi\UNI\Tesi\scripts\project\data\raw\mpmt-board-cli_fileROOT\acq_MainBoard_20251120_165249.root
2025-12-01 16:39:41,749:INFO:Inizio elaborazione file ROOT: C:\Users\messi\UNI\Tesi\scripts\project\data\raw\mpmt-board-cli_fileROOT\acq_MainBoard_20251121_151531.root
2025-12-01 16:40:03,043:INFO:Inizio elaborazione file ROOT: C:\Users\messi\UNI\Tesi\scripts\project\data\raw\mpmt-board-cli_fileROOT\acq_MainBoard_20251127_175303.root
2025-12-01 16:40:28,873:INFO:Inizio elaborazione file ROOT: C:\Users\messi\UNI\Tesi\scripts\project\data\raw\mpmt-board-cli_fileROOT\acq_MainBoard_20251127_184405.root
2025-12-01 16:40:45,200:INFO:Inizio elaborazione file ROOT: C:\Users\messi\UNI\Tesi\scripts\project\data\raw\mpmt-board-cli_fileROOT\acq_MainBoard_20251127_185024.root
2025-12-01 16:41:02,043:INFO:Inizio elaborazione file ROOT: C:\Users\messi\UNI\Tesi\scripts\project\data\raw\mpmt-board-cli_fileROOT\acq_MainBoard_20251127_190521.root
2025-12-01 16:41:22,286:INFO:Inizio elaborazione file ROOT: C:\Users\messi\UNI\Tesi\scripts\project\data\raw\mpmt-board-cli_fileROOT\acq_MainBoard_20251127_191618.root
2025-12-01 16:46:08,879:INFO:Inizio processo di conversione dei file raw in CSV.
2025-12-01 16:46:08,880:INFO:Trovata cartella: C:\Users\messi\UNI\Tesi\scripts\project\data\raw\mpmt-board-cli_fileROOT
2025-12-01 16:46:08,880:INFO:Inizio elaborazione file ROOT: C:\Users\messi\UNI\Tesi\scripts\project\data\raw\mpmt-board-cli_fileROOT\acq_MainBoard_20251127_175303.root
2025-12-01 16:52:58,339:INFO:Inizio processo di conversione dei file raw in CSV.
2025-12-01 16:52:58,339:INFO:Trovata cartella: C:\Users\messi\UNI\Tesi\scripts\project\data\raw\mpmt-board-cli_fileROOT
2025-12-01 16:53:04,879:INFO:Inizio processo di conversione dei file raw in CSV.
2025-12-01 16:53:04,879:INFO:Trovata cartella: C:\Users\messi\UNI\Tesi\scripts\project\data\raw\mpmt-board-cli_fileROOT
2025-12-01 16:53:04,880:INFO:Inizio elaborazione file ROOT: C:\Users\messi\UNI\Tesi\scripts\project\data\raw\mpmt-board-cli_fileROOT\acq_MainBoard_20251127_175303.root
2025-12-01 16:53:07,915:ERROR:Errore durante l'elaborazione del file C:\Users\messi\UNI\Tesi\scripts\project\data\raw\mpmt-board-cli_fileROOT\acq_MainBoard_20251127_175303.root: plot_hist() missing 1 required positional argument: 'flash_test'.
2025-12-01 16:54:45,359:INFO:Inizio processo di conversione dei file raw in CSV.
2025-12-01 16:54:45,360:INFO:Trovata cartella: C:\Users\messi\UNI\Tesi\scripts\project\data\raw\mpmt-board-cli_fileROOT
2025-12-01 16:54:45,362:INFO:Inizio elaborazione file ROOT: C:\Users\messi\UNI\Tesi\scripts\project\data\raw\mpmt-board-cli_fileROOT\acq_MainBoard_20251127_175303.root
2025-12-01 16:54:48,821:ERROR:Errore durante l'elaborazione del file C:\Users\messi\UNI\Tesi\scripts\project\data\raw\mpmt-board-cli_fileROOT\acq_MainBoard_20251127_175303.root: plot_hist() missing 1 required positional argument: 'flash_test'.
2025-12-01 16:55:41,038:INFO:Inizio processo di conversione dei file raw in CSV.
2025-12-01 16:55:41,038:INFO:Trovata cartella: C:\Users\messi\UNI\Tesi\scripts\project\data\raw\mpmt-board-cli_fileROOT
2025-12-01 16:55:41,039:INFO:Inizio elaborazione file ROOT: C:\Users\messi\UNI\Tesi\scripts\project\data\raw\mpmt-board-cli_fileROOT\acq_MainBoard_20251127_175303.root
2025-12-01 16:55:44,188:ERROR:Errore durante l'elaborazione del file C:\Users\messi\UNI\Tesi\scripts\project\data\raw\mpmt-board-cli_fileROOT\acq_MainBoard_20251127_175303.root: plot_hist() missing 1 required positional argument: 'FLASH'.
2025-12-01 16:56:12,815:INFO:Inizio processo di conversione dei file raw in CSV.
2025-12-01 16:56:12,815:INFO:Trovata cartella: C:\Users\messi\UNI\Tesi\scripts\project\data\raw\mpmt-board-cli_fileROOT
2025-12-01 16:56:12,816:INFO:Inizio elaborazione file ROOT: C:\Users\messi\UNI\Tesi\scripts\project\data\raw\mpmt-board-cli_fileROOT\acq_MainBoard_20251127_175303.root
2025-12-01 16:56:16,054:ERROR:Errore durante l'elaborazione del file C:\Users\messi\UNI\Tesi\scripts\project\data\raw\mpmt-board-cli_fileROOT\acq_MainBoard_20251127_175303.root: plot_hist() missing 1 required positional argument: 'FLASH'.
2025-12-01 16:58:11,155:INFO:Inizio processo di conversione dei file raw in CSV.
2025-12-01 16:58:11,155:INFO:Trovata cartella: C:\Users\messi\UNI\Tesi\scripts\project\data\raw\mpmt-board-cli_fileROOT
2025-12-01 16:58:11,156:INFO:Inizio elaborazione file ROOT: C:\Users\messi\UNI\Tesi\scripts\project\data\raw\mpmt-board-cli_fileROOT\acq_MainBoard_20251127_175303.root
2025-12-01 16:58:44,726:INFO:Inizio processo di conversione dei file raw in CSV.
2025-12-01 16:58:44,726:INFO:Trovata cartella: C:\Users\messi\UNI\Tesi\scripts\project\data\raw\mpmt-board-cli_fileROOT
2025-12-01 16:58:44,727:INFO:Inizio elaborazione file ROOT: C:\Users\messi\UNI\Tesi\scripts\project\data\raw\mpmt-board-cli_fileROOT\acq_MainBoard_20251127_175303.root
2025-12-01 17:03:10,744:INFO:Inizio processo di conversione dei file raw in CSV.
2025-12-01 17:03:10,745:INFO:Trovata cartella: C:\Users\messi\UNI\Tesi\scripts\project\data\raw\mpmt-board-cli_fileROOT
2025-12-01 17:03:10,746:INFO:Inizio elaborazione file ROOT: C:\Users\messi\UNI\Tesi\scripts\project\data\raw\mpmt-board-cli_fileROOT\acq_MainBoard_20251127_175303.root
2025-12-01 17:04:19,816:INFO:Inizio processo di conversione dei file raw in CSV.
2025-12-01 17:04:19,817:INFO:Trovata cartella: C:\Users\messi\UNI\Tesi\scripts\project\data\raw\mpmt-board-cli_fileROOT
2025-12-01 17:04:19,818:INFO:Inizio elaborazione file ROOT: C:\Users\messi\UNI\Tesi\scripts\project\data\raw\mpmt-board-cli_fileROOT\acq_MainBoard_20251127_175303.root
2025-12-01 17:07:54,576:INFO:Inizio processo di conversione dei file raw in CSV.
2025-12-01 17:07:54,577:INFO:Trovata cartella: C:\Users\messi\UNI\Tesi\scripts\project\data\raw\mpmt-board-cli_fileROOT
2025-12-01 17:07:54,578:INFO:Inizio elaborazione file ROOT: C:\Users\messi\UNI\Tesi\scripts\project\data\raw\mpmt-board-cli_fileROOT\acq_MainBoard_20251127_175303.root
2025-12-01 17:11:13,097:INFO:Inizio processo di conversione dei file raw in CSV.
2025-12-01 17:11:13,098:INFO:Trovata cartella: C:\Users\messi\UNI\Tesi\scripts\project\data\raw\mpmt-board-cli_fileROOT
2025-12-01 17:11:13,099:INFO:Inizio elaborazione file ROOT: C:\Users\messi\UNI\Tesi\scripts\project\data\raw\mpmt-board-cli_fileROOT\acq_MainBoard_20251127_175303.root
2025-12-01 17:13:32,004:INFO:Inizio processo di conversione dei file raw in CSV.
2025-12-01 17:13:32,005:INFO:Trovata cartella: C:\Users\messi\UNI\Tesi\scripts\project\data\raw\mpmt-board-cli_fileROOT
2025-12-01 17:13:32,006:INFO:Inizio elaborazione file ROOT: C:\Users\messi\UNI\Tesi\scripts\project\data\raw\mpmt-board-cli_fileROOT\acq_MainBoard_20251127_175303.root
2025-12-01 17:25:39,647:INFO:Inizio processo di conversione dei file raw in CSV.
2025-12-01 17:25:39,647:INFO:Trovata cartella: C:\Users\messi\UNI\Tesi\scripts\project\data\raw\mpmt-board-cli_fileROOT
2025-12-01 17:25:39,648:INFO:Inizio elaborazione file ROOT: C:\Users\messi\UNI\Tesi\scripts\project\data\raw\mpmt-board-cli_fileROOT\acq_MainBoard_20251127_175303.root
2025-12-01 17:29:54,551:INFO:Inizio processo di conversione dei file raw in CSV.
2025-12-01 17:29:54,552:INFO:Trovata cartella: C:\Users\messi\UNI\Tesi\scripts\project\data\raw\mpmt-board-cli_fileROOT
2025-12-01 17:29:54,553:INFO:Inizio elaborazione file ROOT: C:\Users\messi\UNI\Tesi\scripts\project\data\raw\mpmt-board-cli_fileROOT\acq_MainBoard_20251127_175303.root
2025-12-01 17:30:10,739:ERROR:Errore durante l'elaborazione del file C:\Users\messi\UNI\Tesi\scripts\project\data\raw\mpmt-board-cli_fileROOT\acq_MainBoard_20251127_175303.root: 'float' object cannot be interpreted as an integer.
2025-12-01 17:32:16,406:INFO:Inizio processo di conversione dei file raw in CSV.
2025-12-01 17:32:16,407:INFO:Trovata cartella: C:\Users\messi\UNI\Tesi\scripts\project\data\raw\mpmt-board-cli_fileROOT
2025-12-01 17:32:16,408:INFO:Inizio elaborazione file ROOT: C:\Users\messi\UNI\Tesi\scripts\project\data\raw\mpmt-board-cli_fileROOT\acq_MainBoard_20251127_175303.root
2025-12-01 17:32:30,648:ERROR:Errore durante l'elaborazione del file C:\Users\messi\UNI\Tesi\scripts\project\data\raw\mpmt-board-cli_fileROOT\acq_MainBoard_20251127_175303.root: 'float' object cannot be interpreted as an integer.
2025-12-01 17:34:51,841:INFO:Inizio processo di conversione dei file raw in CSV.
2025-12-01 17:34:51,841:INFO:Trovata cartella: C:\Users\messi\UNI\Tesi\scripts\project\data\raw\mpmt-board-cli_fileROOT
2025-12-01 17:34:51,842:INFO:Inizio elaborazione file ROOT: C:\Users\messi\UNI\Tesi\scripts\project\data\raw\mpmt-board-cli_fileROOT\acq_MainBoard_20251127_175303.root
2025-12-01 17:35:06,741:ERROR:Errore durante l'elaborazione del file C:\Users\messi\UNI\Tesi\scripts\project\data\raw\mpmt-board-cli_fileROOT\acq_MainBoard_20251127_175303.root: 'float' object cannot be interpreted as an integer.
2025-12-01 17:36:29,643:INFO:Inizio processo di conversione dei file raw in CSV.
2025-12-01 17:36:29,644:INFO:Trovata cartella: C:\Users\messi\UNI\Tesi\scripts\project\data\raw\mpmt-board-cli_fileROOT
2025-12-01 17:36:29,645:INFO:Inizio elaborazione file ROOT: C:\Users\messi\UNI\Tesi\scripts\project\data\raw\mpmt-board-cli_fileROOT\acq_MainBoard_20251127_175303.root
2025-12-01 17:45:37,297:INFO:Inizio processo di conversione dei file raw in CSV.
2025-12-01 17:45:37,297:INFO:Trovata cartella: C:\Users\messi\UNI\Tesi\scripts\project\data\raw\mpmt-board-cli_fileROOT
2025-12-01 17:45:37,298:INFO:Inizio elaborazione file ROOT: C:\Users\messi\UNI\Tesi\scripts\project\data\raw\mpmt-board-cli_fileROOT\acq_MainBoard_20251127_175303.root
2025-12-01 17:45:40,876:ERROR:Errore durante l'elaborazione del file C:\Users\messi\UNI\Tesi\scripts\project\data\raw\mpmt-board-cli_fileROOT\acq_MainBoard_20251127_175303.root: channel_hist() missing 3 required positional arguments: 'figsize', 'xlabel', and 'ylabel'.
2025-12-01 17:46:51,861:INFO:Inizio processo di conversione dei file raw in CSV.
2025-12-01 17:46:51,861:INFO:Trovata cartella: C:\Users\messi\UNI\Tesi\scripts\project\data\raw\mpmt-board-cli_fileROOT
2025-12-01 17:46:51,862:INFO:Inizio elaborazione file ROOT: C:\Users\messi\UNI\Tesi\scripts\project\data\raw\mpmt-board-cli_fileROOT\acq_MainBoard_20251127_175303.root
2025-12-01 17:49:21,818:INFO:Inizio processo di conversione dei file raw in CSV.
2025-12-01 17:49:21,819:INFO:Trovata cartella: C:\Users\messi\UNI\Tesi\scripts\project\data\raw\mpmt-board-cli_fileROOT
2025-12-01 17:49:21,820:INFO:Inizio elaborazione file ROOT: C:\Users\messi\UNI\Tesi\scripts\project\data\raw\mpmt-board-cli_fileROOT\acq_MainBoard_20251127_175303.root
2025-12-01 17:54:09,077:INFO:Inizio processo di conversione dei file raw in CSV.
2025-12-01 17:54:09,077:INFO:Trovata cartella: C:\Users\messi\UNI\Tesi\scripts\project\data\raw\mpmt-board-cli_fileROOT
2025-12-01 17:54:09,078:INFO:Inizio elaborazione file ROOT: C:\Users\messi\UNI\Tesi\scripts\project\data\raw\mpmt-board-cli_fileROOT\acq_MainBoard_20251127_175303.root
2025-12-01 17:54:12,703:ERROR:Errore durante l'elaborazione del file C:\Users\messi\UNI\Tesi\scripts\project\data\raw\mpmt-board-cli_fileROOT\acq_MainBoard_20251127_175303.root: channel_hist() missing 2 required positional arguments: 'filename' and 'dir_output_plot_keys'.
2025-12-01 17:55:32,438:INFO:Inizio processo di conversione dei file raw in CSV.
2025-12-01 17:55:32,438:INFO:Trovata cartella: C:\Users\messi\UNI\Tesi\scripts\project\data\raw\mpmt-board-cli_fileROOT
2025-12-01 17:55:32,439:INFO:Inizio elaborazione file ROOT: C:\Users\messi\UNI\Tesi\scripts\project\data\raw\mpmt-board-cli_fileROOT\acq_MainBoard_20251127_175303.root
2025-12-01 17:55:35,789:ERROR:Errore durante l'elaborazione del file C:\Users\messi\UNI\Tesi\scripts\project\data\raw\mpmt-board-cli_fileROOT\acq_MainBoard_20251127_175303.root: channel_hist() missing 2 required positional arguments: 'filename' and 'dir_output_plot_keys'.
2025-12-01 17:55:47,059:INFO:Inizio processo di conversione dei file raw in CSV.
2025-12-01 17:55:47,060:INFO:Trovata cartella: C:\Users\messi\UNI\Tesi\scripts\project\data\raw\mpmt-board-cli_fileROOT
2025-12-01 17:55:47,061:INFO:Inizio elaborazione file ROOT: C:\Users\messi\UNI\Tesi\scripts\project\data\raw\mpmt-board-cli_fileROOT\acq_MainBoard_20251127_175303.root
2025-12-01 17:55:50,411:ERROR:Errore durante l'elaborazione del file C:\Users\messi\UNI\Tesi\scripts\project\data\raw\mpmt-board-cli_fileROOT\acq_MainBoard_20251127_175303.root: channel_hist() missing 2 required positional arguments: 'filename' and 'dir_output_plot_keys'.
2025-12-01 17:57:46,830:INFO:Inizio processo di conversione dei file raw in CSV.
2025-12-01 17:57:46,830:INFO:Trovata cartella: C:\Users\messi\UNI\Tesi\scripts\project\data\raw\mpmt-board-cli_fileROOT
2025-12-01 17:57:46,831:INFO:Inizio elaborazione file ROOT: C:\Users\messi\UNI\Tesi\scripts\project\data\raw\mpmt-board-cli_fileROOT\acq_MainBoard_20251127_175303.root
2025-12-01 18:02:58,876:INFO:Inizio processo di conversione dei file raw in CSV.
2025-12-01 18:02:58,876:INFO:Trovata cartella: C:\Users\messi\UNI\Tesi\scripts\project\data\raw\mpmt-board-cli_fileROOT
2025-12-01 18:02:58,877:INFO:Inizio elaborazione file ROOT: C:\Users\messi\UNI\Tesi\scripts\project\data\raw\mpmt-board-cli_fileROOT\acq_MainBoard_20251127_175303.root
2025-12-01 18:05:49,414:INFO:Inizio processo di conversione dei file raw in CSV.
2025-12-01 18:05:49,414:INFO:Trovata cartella: C:\Users\messi\UNI\Tesi\scripts\project\data\raw\mpmt-board-cli_fileROOT
2025-12-01 18:05:49,415:INFO:Inizio elaborazione file ROOT: C:\Users\messi\UNI\Tesi\scripts\project\data\raw\mpmt-board-cli_fileROOT\acq_MainBoard_20251127_175303.root
2025-12-01 18:09:08,963:INFO:Inizio processo di conversione dei file raw in CSV.
2025-12-01 18:09:08,964:INFO:Trovata cartella: C:\Users\messi\UNI\Tesi\scripts\project\data\raw\mpmt-board-cli_fileROOT
2025-12-01 18:09:08,965:INFO:Inizio elaborazione file ROOT: C:\Users\messi\UNI\Tesi\scripts\project\data\raw\mpmt-board-cli_fileROOT\acq_MainBoard_20251127_175303.root
2025-12-01 18:12:51,590:INFO:Inizio processo di conversione dei file raw in CSV.
2025-12-01 18:12:51,590:INFO:Trovata cartella: C:\Users\messi\UNI\Tesi\scripts\project\data\raw\mpmt-board-cli_fileROOT
2025-12-01 18:18:54,546:INFO:Inizio processo di conversione dei file raw in CSV.
2025-12-01 18:18:54,546:INFO:Trovata cartella: C:\Users\messi\UNI\Tesi\scripts\project\data\raw\mpmt-board-cli_fileROOT
2025-12-01 18:19:09,914:INFO:Inizio processo di conversione dei file raw in CSV.
2025-12-01 18:19:09,915:INFO:Trovata cartella: C:\Users\messi\UNI\Tesi\scripts\project\data\raw\mpmt-board-cli_fileROOT
2025-12-01 18:19:09,916:INFO:Inizio elaborazione file ROOT: C:\Users\messi\UNI\Tesi\scripts\project\data\raw\mpmt-board-cli_fileROOT\acq_MainBoard_20251127_175303.root
2025-12-01 18:24:24,082:INFO:Inizio processo di conversione dei file raw in CSV.
2025-12-01 18:24:24,082:INFO:Trovata cartella: C:\Users\messi\UNI\Tesi\scripts\project\data\raw\mpmt-board-cli_fileROOT
2025-12-01 18:24:24,083:INFO:Inizio elaborazione file ROOT: C:\Users\messi\UNI\Tesi\scripts\project\data\raw\mpmt-board-cli_fileROOT\acq_MainBoard_20251127_175303.root
2025-12-01 18:25:16,735:INFO:Inizio processo di conversione dei file raw in CSV.
2025-12-01 18:25:16,736:INFO:Trovata cartella: C:\Users\messi\UNI\Tesi\scripts\project\data\raw\mpmt-board-cli_fileROOT
2025-12-01 18:25:16,736:INFO:Inizio elaborazione file ROOT: C:\Users\messi\UNI\Tesi\scripts\project\data\raw\mpmt-board-cli_fileROOT\acq_MainBoard_20251127_175303.root
2025-12-01 18:25:34,328:INFO:Inizio elaborazione file ROOT: C:\Users\messi\UNI\Tesi\scripts\project\data\raw\mpmt-board-cli_fileROOT\acq_MainBoard_20251127_185024.root
2025-12-01 18:26:08,466:INFO:Inizio processo di conversione dei file raw in CSV.
2025-12-01 18:26:08,466:INFO:Trovata cartella: C:\Users\messi\UNI\Tesi\scripts\project\data\raw\mpmt-board-cli_fileROOT
2025-12-01 18:26:08,466:INFO:Inizio elaborazione file ROOT: C:\Users\messi\UNI\Tesi\scripts\project\data\raw\mpmt-board-cli_fileROOT\acq_MainBoard_20251127_185024.root
2025-12-01 18:36:14,507:INFO:Inizio processo di conversione dei file raw in CSV.
2025-12-01 18:36:14,507:INFO:Trovata cartella: C:\Users\messi\UNI\Tesi\scripts\project\data\raw\mpmt-board-cli_fileROOT
2025-12-01 18:36:14,508:INFO:Inizio elaborazione file ROOT: C:\Users\messi\UNI\Tesi\scripts\project\data\raw\mpmt-board-cli_fileROOT\acq_MainBoard_20251127_175303.root
2025-12-01 18:36:31,932:INFO:Inizio elaborazione file ROOT: C:\Users\messi\UNI\Tesi\scripts\project\data\raw\mpmt-board-cli_fileROOT\acq_MainBoard_20251127_185024.root
2025-12-01 18:42:13,625:INFO:Trovata cartella: C:\Users\messi\UNI\Tesi\scripts\project\data\raw\mpmt-board-cli_fileROOT
2025-12-01 18:42:13,627:INFO:Inizio elaborazione file ROOT: C:\Users\messi\UNI\Tesi\scripts\project\data\raw\mpmt-board-cli_fileROOT\acq_MainBoard_20251127_175303.root
2025-12-01 18:42:30,982:INFO:Inizio elaborazione file ROOT: C:\Users\messi\UNI\Tesi\scripts\project\data\raw\mpmt-board-cli_fileROOT\acq_MainBoard_20251127_185024.root
2025-12-01 18:46:51,033:INFO:Trovata cartella: C:\Users\messi\UNI\Tesi\scripts\project\data\raw\mpmt-board-cli_fileROOT
2025-12-01 18:46:51,036:INFO:Inizio elaborazione file ROOT: C:\Users\messi\UNI\Tesi\scripts\project\data\raw\mpmt-board-cli_fileROOT\acq_MainBoard_20251127_175303.root
2025-12-01 18:47:08,283:INFO:Inizio elaborazione file ROOT: C:\Users\messi\UNI\Tesi\scripts\project\data\raw\mpmt-board-cli_fileROOT\acq_MainBoard_20251127_185024.root
2025-12-01 18:48:28,371:INFO:Trovata cartella: C:\Users\messi\UNI\Tesi\scripts\project\data\raw\mpmt-board-cli_fileROOT
2025-12-01 18:48:28,374:INFO:Inizio elaborazione file ROOT: C:\Users\messi\UNI\Tesi\scripts\project\data\raw\mpmt-board-cli_fileROOT\acq_MainBoard_20251127_175303.root
2025-12-01 18:48:49,949:INFO:Inizio elaborazione file ROOT: C:\Users\messi\UNI\Tesi\scripts\project\data\raw\mpmt-board-cli_fileROOT\acq_MainBoard_20251127_185024.root
2025-12-01 18:49:45,220:INFO:Trovata cartella: C:\Users\messi\UNI\Tesi\scripts\project\data\raw\mpmt-board-cli_fileROOT
2025-12-01 18:49:45,223:INFO:Inizio elaborazione file ROOT: C:\Users\messi\UNI\Tesi\scripts\project\data\raw\mpmt-board-cli_fileROOT\acq_MainBoard_20251127_175303.root
2025-12-01 18:50:05,758:INFO:Inizio elaborazione file ROOT: C:\Users\messi\UNI\Tesi\scripts\project\data\raw\mpmt-board-cli_fileROOT\acq_MainBoard_20251127_185024.root
